{
  "0 debug pnpm:scope": {
    "selected": 1,
    "workspacePrefix": "/Users/baohong/Documents/workspace/reactv"
  },
  "1 error pnpm": {
    "errno": 1,
    "code": "ELIFECYCLE",
    "pkgid": "reactv@1.0.0",
    "stage": "build",
    "script": "node scripts/build.js \"--filters=jsx-runtime,create-a-lib\"",
    "pkgname": "reactv",
    "err": {
      "name": "pnpm",
      "message": "reactv@1.0.0 build: `node scripts/build.js \"--filters=jsx-runtime,create-a-lib\"`\nExit status 1",
      "code": "ELIFECYCLE",
      "stack": "pnpm: reactv@1.0.0 build: `node scripts/build.js \"--filters=jsx-runtime,create-a-lib\"`\nExit status 1\n    at EventEmitter.<anonymous> (/Users/baohong/.nvm/versions/node/v16.15.0/lib/node_modules/pnpm/dist/pnpm.cjs:106732:20)\n    at EventEmitter.emit (node:events:527:28)\n    at ChildProcess.<anonymous> (/Users/baohong/.nvm/versions/node/v16.15.0/lib/node_modules/pnpm/dist/pnpm.cjs:93301:18)\n    at ChildProcess.emit (node:events:527:28)\n    at maybeClose (node:internal/child_process:1092:16)\n    at Process.ChildProcess._handle.onexit (node:internal/child_process:302:5)"
    }
  }
}